{"numFailedTestSuites":1,"numFailedTests":1,"numPassedTestSuites":0,"numPassedTests":0,"numPendingTestSuites":0,"numPendingTests":0,"numRuntimeErrorTestSuites":0,"numTodoTests":0,"numTotalTestSuites":1,"numTotalTests":1,"openHandles":[],"snapshot":{"added":0,"didUpdate":false,"failure":false,"filesAdded":0,"filesRemoved":0,"filesRemovedList":[],"filesUnmatched":0,"filesUpdated":0,"matched":0,"total":0,"unchecked":0,"uncheckedKeysByFile":[],"unmatched":0,"updated":0},"startTime":1711712867538,"success":false,"testResults":[{"assertionResults":[{"ancestorTitles":[],"duration":2,"failureDetails":[{"matcherResult":{"actual":[0],"expected":[],"message":"\u001b[2mexpect(\u001b[22m\u001b[31mreceived\u001b[39m\u001b[2m).\u001b[22mtoEqual\u001b[2m(\u001b[22m\u001b[32mexpected\u001b[39m\u001b[2m) // deep equality\u001b[22m\n\n\u001b[32m- Expected  - 1\u001b[39m\n\u001b[31m+ Received  + 3\u001b[39m\n\n\u001b[32m- Array []\u001b[39m\n\u001b[31m+ Array [\u001b[39m\n\u001b[31m+   0,\u001b[39m\n\u001b[31m+ ]\u001b[39m","name":"toEqual","pass":false}}],"failureMessages":["Error: \u001b[2mexpect(\u001b[22m\u001b[31mreceived\u001b[39m\u001b[2m).\u001b[22mtoEqual\u001b[2m(\u001b[22m\u001b[32mexpected\u001b[39m\u001b[2m) // deep equality\u001b[22m\n\n\u001b[32m- Expected  - 1\u001b[39m\n\u001b[31m+ Received  + 3\u001b[39m\n\n\u001b[32m- Array []\u001b[39m\n\u001b[31m+ Array [\u001b[39m\n\u001b[31m+   0,\u001b[39m\n\u001b[31m+ ]\u001b[39m\n    at Object.toEqual (C:\\Users\\Кирилл\\OneDrive\\Рабочий стол\\tarantula_2.0\\src\\knut\\tests\\knut-case-12.test.js:4:36)\n    at Promise.then.completed (C:\\Users\\Кирилл\\OneDrive\\Рабочий стол\\tarantula_2.0\\node_modules\\jest-circus\\build\\utils.js:298:28)\n    at new Promise (<anonymous>)\n    at callAsyncCircusFn (C:\\Users\\Кирилл\\OneDrive\\Рабочий стол\\tarantula_2.0\\node_modules\\jest-circus\\build\\utils.js:231:10)\n    at _callCircusTest (C:\\Users\\Кирилл\\OneDrive\\Рабочий стол\\tarantula_2.0\\node_modules\\jest-circus\\build\\run.js:316:40)\n    at processTicksAndRejections (node:internal/process/task_queues:95:5)\n    at _runTest (C:\\Users\\Кирилл\\OneDrive\\Рабочий стол\\tarantula_2.0\\node_modules\\jest-circus\\build\\run.js:252:3)\n    at _runTestsForDescribeBlock (C:\\Users\\Кирилл\\OneDrive\\Рабочий стол\\tarantula_2.0\\node_modules\\jest-circus\\build\\run.js:126:9)\n    at run (C:\\Users\\Кирилл\\OneDrive\\Рабочий стол\\tarantula_2.0\\node_modules\\jest-circus\\build\\run.js:71:3)\n    at runAndTransformResultsToJestFormat (C:\\Users\\Кирилл\\OneDrive\\Рабочий стол\\tarantula_2.0\\node_modules\\jest-circus\\build\\legacy-code-todo-rewrite\\jestAdapterInit.js:122:21)\n    at jestAdapter (C:\\Users\\Кирилл\\OneDrive\\Рабочий стол\\tarantula_2.0\\node_modules\\jest-circus\\build\\legacy-code-todo-rewrite\\jestAdapter.js:79:19)\n    at runTestInternal (C:\\Users\\Кирилл\\OneDrive\\Рабочий стол\\tarantula_2.0\\node_modules\\jest-runner\\build\\runTest.js:367:16)\n    at runTest (C:\\Users\\Кирилл\\OneDrive\\Рабочий стол\\tarantula_2.0\\node_modules\\jest-runner\\build\\runTest.js:444:34)"],"fullName":"test #12","invocations":1,"location":null,"numPassingAsserts":0,"retryReasons":[],"status":"failed","title":"test #12"}],"endTime":1711712869041,"message":"\u001b[1m\u001b[31m  \u001b[1m● \u001b[22m\u001b[1mtest #12\u001b[39m\u001b[22m\n\n    \u001b[2mexpect(\u001b[22m\u001b[31mreceived\u001b[39m\u001b[2m).\u001b[22mtoEqual\u001b[2m(\u001b[22m\u001b[32mexpected\u001b[39m\u001b[2m) // deep equality\u001b[22m\n\n    \u001b[32m- Expected  - 1\u001b[39m\n    \u001b[31m+ Received  + 3\u001b[39m\n\n    \u001b[32m- Array []\u001b[39m\n    \u001b[31m+ Array [\u001b[39m\n    \u001b[31m+   0,\u001b[39m\n    \u001b[31m+ ]\u001b[39m\n\u001b[2m\u001b[22m\n\u001b[2m    \u001b[0m \u001b[90m 2 |\u001b[39m\u001b[22m\n\u001b[2m     \u001b[90m 3 |\u001b[39m test(\u001b[32m\"test #12\"\u001b[39m\u001b[33m,\u001b[39m () \u001b[33m=>\u001b[39m {\u001b[22m\n\u001b[2m    \u001b[31m\u001b[1m>\u001b[22m\u001b[2m\u001b[39m\u001b[90m 4 |\u001b[39m   expect(kmpSearch(\u001b[32m\"\"\u001b[39m\u001b[33m,\u001b[39m \u001b[32m\"pattern\"\u001b[39m))\u001b[33m.\u001b[39mtoEqual([])\u001b[33m;\u001b[39m\u001b[22m\n\u001b[2m     \u001b[90m   |\u001b[39m                                    \u001b[31m\u001b[1m^\u001b[22m\u001b[2m\u001b[39m\u001b[22m\n\u001b[2m     \u001b[90m 5 |\u001b[39m   expect(kmpSearch(\u001b[32m\"text\"\u001b[39m\u001b[33m,\u001b[39m \u001b[32m\"\"\u001b[39m))\u001b[33m.\u001b[39mtoEqual([])\u001b[33m;\u001b[39m\u001b[22m\n\u001b[2m     \u001b[90m 6 |\u001b[39m })\u001b[33m;\u001b[39m\u001b[22m\n\u001b[2m     \u001b[90m 7 |\u001b[39m\u001b[0m\u001b[22m\n\u001b[2m\u001b[22m\n\u001b[2m      \u001b[2mat Object.toEqual (\u001b[22m\u001b[2m\u001b[0m\u001b[36msrc/knut/tests/knut-case-12.test.js\u001b[39m\u001b[0m\u001b[2m:4:36)\u001b[22m\u001b[2m\u001b[22m\n","name":"C:\\Users\\Кирилл\\OneDrive\\Рабочий стол\\tarantula_2.0\\src\\knut\\tests\\knut-case-12.test.js","startTime":1711712868445,"status":"failed","summary":""}],"wasInterrupted":false,"coverageMap":{"C:\\Users\\Кирилл\\OneDrive\\Рабочий стол\\tarantula_2.0\\src\\knut\\knut.js":{"path":"C:\\Users\\Кирилл\\OneDrive\\Рабочий стол\\tarantula_2.0\\src\\knut\\knut.js","statementMap":{"0":{"start":{"line":2,"column":15},"end":{"line":2,"column":40}},"1":{"start":{"line":3,"column":2},"end":{"line":3,"column":16}},"2":{"start":{"line":4,"column":12},"end":{"line":4,"column":13}},"3":{"start":{"line":5,"column":20},"end":{"line":5,"column":21}},"4":{"start":{"line":6,"column":2},"end":{"line":19,"column":3}},"5":{"start":{"line":7,"column":4},"end":{"line":18,"column":5}},"6":{"start":{"line":8,"column":6},"end":{"line":8,"column":12}},"7":{"start":{"line":9,"column":6},"end":{"line":9,"column":32}},"8":{"start":{"line":10,"column":6},"end":{"line":10,"column":20}},"9":{"start":{"line":12,"column":6},"end":{"line":17,"column":7}},"10":{"start":{"line":13,"column":8},"end":{"line":13,"column":30}},"11":{"start":{"line":15,"column":8},"end":{"line":15,"column":32}},"12":{"start":{"line":16,"column":8},"end":{"line":16,"column":22}},"13":{"start":{"line":20,"column":2},"end":{"line":20,"column":16}},"14":{"start":{"line":24,"column":12},"end":{"line":24,"column":23}},"15":{"start":{"line":25,"column":12},"end":{"line":25,"column":26}},"16":{"start":{"line":27,"column":2},"end":{"line":27,"column":26}},"17":{"start":{"line":27,"column":15},"end":{"line":27,"column":26}},"18":{"start":{"line":29,"column":2},"end":{"line":29,"column":25}},"19":{"start":{"line":29,"column":15},"end":{"line":29,"column":25}},"20":{"start":{"line":31,"column":17},"end":{"line":31,"column":37}},"21":{"start":{"line":33,"column":10},"end":{"line":33,"column":11}},"22":{"start":{"line":34,"column":10},"end":{"line":34,"column":11}},"23":{"start":{"line":36,"column":18},"end":{"line":36,"column":20}},"24":{"start":{"line":38,"column":2},"end":{"line":53,"column":3}},"25":{"start":{"line":39,"column":4},"end":{"line":42,"column":5}},"26":{"start":{"line":40,"column":6},"end":{"line":40,"column":10}},"27":{"start":{"line":41,"column":6},"end":{"line":41,"column":10}},"28":{"start":{"line":43,"column":4},"end":{"line":52,"column":5}},"29":{"start":{"line":44,"column":6},"end":{"line":44,"column":26}},"30":{"start":{"line":45,"column":6},"end":{"line":45,"column":24}},"31":{"start":{"line":46,"column":11},"end":{"line":52,"column":5}},"32":{"start":{"line":47,"column":6},"end":{"line":51,"column":7}},"33":{"start":{"line":48,"column":8},"end":{"line":48,"column":26}},"34":{"start":{"line":50,"column":8},"end":{"line":50,"column":12}},"35":{"start":{"line":54,"column":2},"end":{"line":54,"column":17}},"36":{"start":{"line":57,"column":0},"end":{"line":57,"column":31}}},"fnMap":{"0":{"name":"prefixTable","decl":{"start":{"line":1,"column":9},"end":{"line":1,"column":20}},"loc":{"start":{"line":1,"column":30},"end":{"line":21,"column":1}},"line":1},"1":{"name":"kmpSearch","decl":{"start":{"line":23,"column":9},"end":{"line":23,"column":18}},"loc":{"start":{"line":23,"column":34},"end":{"line":55,"column":1}},"line":23}},"branchMap":{"0":{"loc":{"start":{"line":7,"column":4},"end":{"line":18,"column":5}},"type":"if","locations":[{"start":{"line":7,"column":4},"end":{"line":18,"column":5}},{"start":{"line":11,"column":11},"end":{"line":18,"column":5}}],"line":7},"1":{"loc":{"start":{"line":12,"column":6},"end":{"line":17,"column":7}},"type":"if","locations":[{"start":{"line":12,"column":6},"end":{"line":17,"column":7}},{"start":{"line":14,"column":13},"end":{"line":17,"column":7}}],"line":12},"2":{"loc":{"start":{"line":27,"column":2},"end":{"line":27,"column":26}},"type":"if","locations":[{"start":{"line":27,"column":2},"end":{"line":27,"column":26}},{"start":{},"end":{}}],"line":27},"3":{"loc":{"start":{"line":29,"column":2},"end":{"line":29,"column":25}},"type":"if","locations":[{"start":{"line":29,"column":2},"end":{"line":29,"column":25}},{"start":{},"end":{}}],"line":29},"4":{"loc":{"start":{"line":39,"column":4},"end":{"line":42,"column":5}},"type":"if","locations":[{"start":{"line":39,"column":4},"end":{"line":42,"column":5}},{"start":{},"end":{}}],"line":39},"5":{"loc":{"start":{"line":43,"column":4},"end":{"line":52,"column":5}},"type":"if","locations":[{"start":{"line":43,"column":4},"end":{"line":52,"column":5}},{"start":{"line":46,"column":11},"end":{"line":52,"column":5}}],"line":43},"6":{"loc":{"start":{"line":46,"column":11},"end":{"line":52,"column":5}},"type":"if","locations":[{"start":{"line":46,"column":11},"end":{"line":52,"column":5}},{"start":{},"end":{}}],"line":46},"7":{"loc":{"start":{"line":46,"column":15},"end":{"line":46,"column":61}},"type":"binary-expr","locations":[{"start":{"line":46,"column":15},"end":{"line":46,"column":20}},{"start":{"line":46,"column":24},"end":{"line":46,"column":61}}],"line":46},"8":{"loc":{"start":{"line":47,"column":6},"end":{"line":51,"column":7}},"type":"if","locations":[{"start":{"line":47,"column":6},"end":{"line":51,"column":7}},{"start":{"line":49,"column":13},"end":{"line":51,"column":7}}],"line":47}},"s":{"0":0,"1":0,"2":0,"3":0,"4":0,"5":0,"6":0,"7":0,"8":0,"9":0,"10":0,"11":0,"12":0,"13":0,"14":1,"15":1,"16":1,"17":1,"18":0,"19":0,"20":0,"21":0,"22":0,"23":0,"24":0,"25":0,"26":0,"27":0,"28":0,"29":0,"30":0,"31":0,"32":0,"33":0,"34":0,"35":0,"36":1},"f":{"0":0,"1":1},"b":{"0":[0,0],"1":[0,0],"2":[1,0],"3":[0,0],"4":[0,0],"5":[0,0],"6":[0,0],"7":[0,0],"8":[0,0]},"_coverageSchema":"1a1c01bbd47fc00a2c39e90264f33305004495a9","hash":"1823cd0f4f27b958d49a4e132cadbde8e229f27c"}}}
