{"numFailedTestSuites":1,"numFailedTests":1,"numPassedTestSuites":0,"numPassedTests":0,"numPendingTestSuites":0,"numPendingTests":0,"numRuntimeErrorTestSuites":0,"numTodoTests":0,"numTotalTestSuites":1,"numTotalTests":1,"openHandles":[],"snapshot":{"added":0,"didUpdate":false,"failure":false,"filesAdded":0,"filesRemoved":0,"filesRemovedList":[],"filesUnmatched":0,"filesUpdated":0,"matched":0,"total":0,"unchecked":0,"uncheckedKeysByFile":[],"unmatched":0,"updated":0},"startTime":1711689017366,"success":false,"testResults":[{"assertionResults":[{"ancestorTitles":[],"duration":6,"failureDetails":[{"matcherResult":{"actual":1,"expected":2,"message":"\u001b[2mexpect(\u001b[22m\u001b[31mreceived\u001b[39m\u001b[2m).\u001b[22mtoBe\u001b[2m(\u001b[22m\u001b[32mexpected\u001b[39m\u001b[2m) // Object.is equality\u001b[22m\n\nExpected: \u001b[32m2\u001b[39m\nReceived: \u001b[31m1\u001b[39m","name":"toBe","pass":false}}],"failureMessages":["Error: \u001b[2mexpect(\u001b[22m\u001b[31mreceived\u001b[39m\u001b[2m).\u001b[22mtoBe\u001b[2m(\u001b[22m\u001b[32mexpected\u001b[39m\u001b[2m) // Object.is equality\u001b[22m\n\nExpected: \u001b[32m2\u001b[39m\nReceived: \u001b[31m1\u001b[39m\n    at Object.toBe (C:\\Users\\Кирилл\\OneDrive\\Рабочий стол\\tarantula_2.0\\src\\mid\\tests\\mid6.test.js:4:24)\n    at Promise.then.completed (C:\\Users\\Кирилл\\OneDrive\\Рабочий стол\\tarantula_2.0\\node_modules\\jest-circus\\build\\utils.js:298:28)\n    at new Promise (<anonymous>)\n    at callAsyncCircusFn (C:\\Users\\Кирилл\\OneDrive\\Рабочий стол\\tarantula_2.0\\node_modules\\jest-circus\\build\\utils.js:231:10)\n    at _callCircusTest (C:\\Users\\Кирилл\\OneDrive\\Рабочий стол\\tarantula_2.0\\node_modules\\jest-circus\\build\\run.js:316:40)\n    at _runTest (C:\\Users\\Кирилл\\OneDrive\\Рабочий стол\\tarantula_2.0\\node_modules\\jest-circus\\build\\run.js:252:3)\n    at _runTestsForDescribeBlock (C:\\Users\\Кирилл\\OneDrive\\Рабочий стол\\tarantula_2.0\\node_modules\\jest-circus\\build\\run.js:126:9)\n    at run (C:\\Users\\Кирилл\\OneDrive\\Рабочий стол\\tarantula_2.0\\node_modules\\jest-circus\\build\\run.js:71:3)\n    at runAndTransformResultsToJestFormat (C:\\Users\\Кирилл\\OneDrive\\Рабочий стол\\tarantula_2.0\\node_modules\\jest-circus\\build\\legacy-code-todo-rewrite\\jestAdapterInit.js:122:21)\n    at jestAdapter (C:\\Users\\Кирилл\\OneDrive\\Рабочий стол\\tarantula_2.0\\node_modules\\jest-circus\\build\\legacy-code-todo-rewrite\\jestAdapter.js:79:19)\n    at runTestInternal (C:\\Users\\Кирилл\\OneDrive\\Рабочий стол\\tarantula_2.0\\node_modules\\jest-runner\\build\\runTest.js:367:16)\n    at runTest (C:\\Users\\Кирилл\\OneDrive\\Рабочий стол\\tarantula_2.0\\node_modules\\jest-runner\\build\\runTest.js:444:34)"],"fullName":"test #6","invocations":1,"location":null,"numPassingAsserts":0,"retryReasons":[],"status":"failed","title":"test #6"}],"endTime":1711689017864,"message":"\u001b[1m\u001b[31m  \u001b[1m● \u001b[22m\u001b[1mtest #6\u001b[39m\u001b[22m\n\n    \u001b[2mexpect(\u001b[22m\u001b[31mreceived\u001b[39m\u001b[2m).\u001b[22mtoBe\u001b[2m(\u001b[22m\u001b[32mexpected\u001b[39m\u001b[2m) // Object.is equality\u001b[22m\n\n    Expected: \u001b[32m2\u001b[39m\n    Received: \u001b[31m1\u001b[39m\n\u001b[2m\u001b[22m\n\u001b[2m    \u001b[0m \u001b[90m 2 |\u001b[39m\u001b[22m\n\u001b[2m     \u001b[90m 3 |\u001b[39m test(\u001b[32m\"test #6\"\u001b[39m\u001b[33m,\u001b[39m () \u001b[33m=>\u001b[39m {\u001b[22m\n\u001b[2m    \u001b[31m\u001b[1m>\u001b[22m\u001b[2m\u001b[39m\u001b[90m 4 |\u001b[39m   expect(mid(\u001b[35m2\u001b[39m\u001b[33m,\u001b[39m \u001b[35m1\u001b[39m\u001b[33m,\u001b[39m \u001b[35m3\u001b[39m))\u001b[33m.\u001b[39mtoBe(\u001b[35m2\u001b[39m)\u001b[33m;\u001b[39m\u001b[22m\n\u001b[2m     \u001b[90m   |\u001b[39m                        \u001b[31m\u001b[1m^\u001b[22m\u001b[2m\u001b[39m\u001b[22m\n\u001b[2m     \u001b[90m 5 |\u001b[39m })\u001b[33m;\u001b[39m\u001b[22m\n\u001b[2m     \u001b[90m 6 |\u001b[39m\u001b[0m\u001b[22m\n\u001b[2m\u001b[22m\n\u001b[2m      \u001b[2mat Object.toBe (\u001b[22m\u001b[2m\u001b[0m\u001b[36msrc/mid/tests/mid6.test.js\u001b[39m\u001b[0m\u001b[2m:4:24)\u001b[22m\u001b[2m\u001b[22m\n","name":"C:\\Users\\Кирилл\\OneDrive\\Рабочий стол\\tarantula_2.0\\src\\mid\\tests\\mid6.test.js","startTime":1711689017413,"status":"failed","summary":""}],"wasInterrupted":false,"coverageMap":{"C:\\Users\\Кирилл\\OneDrive\\Рабочий стол\\tarantula_2.0\\src\\mid\\mid.js":{"path":"C:\\Users\\Кирилл\\OneDrive\\Рабочий стол\\tarantula_2.0\\src\\mid\\mid.js","statementMap":{"0":{"start":{"line":2,"column":10},"end":{"line":2,"column":11}},"1":{"start":{"line":3,"column":2},"end":{"line":15,"column":3}},"2":{"start":{"line":4,"column":4},"end":{"line":8,"column":5}},"3":{"start":{"line":5,"column":6},"end":{"line":5,"column":12}},"4":{"start":{"line":6,"column":11},"end":{"line":8,"column":5}},"5":{"start":{"line":7,"column":6},"end":{"line":7,"column":12}},"6":{"start":{"line":10,"column":4},"end":{"line":14,"column":5}},"7":{"start":{"line":11,"column":6},"end":{"line":11,"column":12}},"8":{"start":{"line":12,"column":11},"end":{"line":14,"column":5}},"9":{"start":{"line":13,"column":6},"end":{"line":13,"column":12}},"10":{"start":{"line":16,"column":2},"end":{"line":16,"column":11}},"11":{"start":{"line":19,"column":0},"end":{"line":19,"column":24}}},"fnMap":{"0":{"name":"mid","decl":{"start":{"line":1,"column":9},"end":{"line":1,"column":12}},"loc":{"start":{"line":1,"column":22},"end":{"line":17,"column":1}},"line":1}},"branchMap":{"0":{"loc":{"start":{"line":3,"column":2},"end":{"line":15,"column":3}},"type":"if","locations":[{"start":{"line":3,"column":2},"end":{"line":15,"column":3}},{"start":{"line":9,"column":9},"end":{"line":15,"column":3}}],"line":3},"1":{"loc":{"start":{"line":4,"column":4},"end":{"line":8,"column":5}},"type":"if","locations":[{"start":{"line":4,"column":4},"end":{"line":8,"column":5}},{"start":{"line":6,"column":11},"end":{"line":8,"column":5}}],"line":4},"2":{"loc":{"start":{"line":6,"column":11},"end":{"line":8,"column":5}},"type":"if","locations":[{"start":{"line":6,"column":11},"end":{"line":8,"column":5}},{"start":{},"end":{}}],"line":6},"3":{"loc":{"start":{"line":10,"column":4},"end":{"line":14,"column":5}},"type":"if","locations":[{"start":{"line":10,"column":4},"end":{"line":14,"column":5}},{"start":{"line":12,"column":11},"end":{"line":14,"column":5}}],"line":10},"4":{"loc":{"start":{"line":12,"column":11},"end":{"line":14,"column":5}},"type":"if","locations":[{"start":{"line":12,"column":11},"end":{"line":14,"column":5}},{"start":{},"end":{}}],"line":12}},"s":{"0":1,"1":1,"2":1,"3":0,"4":1,"5":1,"6":0,"7":0,"8":0,"9":0,"10":1,"11":1},"f":{"0":1},"b":{"0":[1,0],"1":[0,1],"2":[1,0],"3":[0,0],"4":[0,0]},"_coverageSchema":"1a1c01bbd47fc00a2c39e90264f33305004495a9","hash":"ba92149e459759e7f092646e2811b5bc6be95296"}}}
