{"C:\\Users\\Кирилл\\OneDrive\\Рабочий стол\\tarantula_2.0\\src\\mid\\mid.js": {"path":"C:\\Users\\Кирилл\\OneDrive\\Рабочий стол\\tarantula_2.0\\src\\mid\\mid.js","statementMap":{"0":{"start":{"line":2,"column":10},"end":{"line":2,"column":11}},"1":{"start":{"line":3,"column":2},"end":{"line":15,"column":3}},"2":{"start":{"line":4,"column":4},"end":{"line":8,"column":5}},"3":{"start":{"line":5,"column":6},"end":{"line":5,"column":12}},"4":{"start":{"line":6,"column":11},"end":{"line":8,"column":5}},"5":{"start":{"line":7,"column":6},"end":{"line":7,"column":12}},"6":{"start":{"line":10,"column":4},"end":{"line":14,"column":5}},"7":{"start":{"line":11,"column":6},"end":{"line":11,"column":12}},"8":{"start":{"line":12,"column":11},"end":{"line":14,"column":5}},"9":{"start":{"line":13,"column":6},"end":{"line":13,"column":12}},"10":{"start":{"line":16,"column":2},"end":{"line":16,"column":11}},"11":{"start":{"line":19,"column":0},"end":{"line":19,"column":24}}},"fnMap":{"0":{"name":"mid","decl":{"start":{"line":1,"column":9},"end":{"line":1,"column":12}},"loc":{"start":{"line":1,"column":22},"end":{"line":17,"column":1}},"line":1}},"branchMap":{"0":{"loc":{"start":{"line":3,"column":2},"end":{"line":15,"column":3}},"type":"if","locations":[{"start":{"line":3,"column":2},"end":{"line":15,"column":3}},{"start":{"line":9,"column":9},"end":{"line":15,"column":3}}],"line":3},"1":{"loc":{"start":{"line":4,"column":4},"end":{"line":8,"column":5}},"type":"if","locations":[{"start":{"line":4,"column":4},"end":{"line":8,"column":5}},{"start":{"line":6,"column":11},"end":{"line":8,"column":5}}],"line":4},"2":{"loc":{"start":{"line":6,"column":11},"end":{"line":8,"column":5}},"type":"if","locations":[{"start":{"line":6,"column":11},"end":{"line":8,"column":5}},{"start":{},"end":{}}],"line":6},"3":{"loc":{"start":{"line":10,"column":4},"end":{"line":14,"column":5}},"type":"if","locations":[{"start":{"line":10,"column":4},"end":{"line":14,"column":5}},{"start":{"line":12,"column":11},"end":{"line":14,"column":5}}],"line":10},"4":{"loc":{"start":{"line":12,"column":11},"end":{"line":14,"column":5}},"type":"if","locations":[{"start":{"line":12,"column":11},"end":{"line":14,"column":5}},{"start":{},"end":{}}],"line":12}},"s":{"0":1,"1":1,"2":1,"3":0,"4":1,"5":0,"6":0,"7":0,"8":0,"9":0,"10":1,"11":1},"f":{"0":1},"b":{"0":[1,0],"1":[0,1],"2":[0,1],"3":[0,0],"4":[0,0]},"_coverageSchema":"1a1c01bbd47fc00a2c39e90264f33305004495a9","hash":"ba92149e459759e7f092646e2811b5bc6be95296"}
}
